<?xml version="1.0" encoding="UTF-8"?>
<coverage generated="1493505225362" clover="3.2.0">
  <project timestamp="1493505225362" name="All files">
    <metrics statements="63" coveredstatements="63" conditionals="52" coveredconditionals="50" methods="7" coveredmethods="7" elements="122" coveredelements="120" complexity="0" loc="63" ncloc="63" packages="1" files="1" classes="1">
      <file name="index.js" path="/Volumes/osx/ss/git/postcss-start-to-end/index.js">
        <metrics statements="63" coveredstatements="63" conditionals="52" coveredconditionals="50" methods="7" coveredmethods="7"/>
        <line num="4" count="1" type="stmt"/>
        <line num="6" count="1" type="stmt"/>
        <line num="11" count="1" type="stmt"/>
        <line num="26" count="1" type="stmt"/>
        <line num="32" count="1" type="stmt"/>
        <line num="33" count="1" type="stmt"/>
        <line num="34" count="1" type="stmt"/>
        <line num="35" count="1" type="stmt"/>
        <line num="40" count="46" type="cond" truecount="2" falsecount="0"/>
        <line num="41" count="3" type="stmt"/>
        <line num="43" count="3" type="stmt"/>
        <line num="45" count="3" type="stmt"/>
        <line num="47" count="3" type="stmt"/>
        <line num="50" count="43" type="cond" truecount="4" falsecount="0"/>
        <line num="51" count="2" type="stmt"/>
        <line num="53" count="2" type="stmt"/>
        <line num="55" count="2" type="stmt"/>
        <line num="57" count="2" type="stmt"/>
        <line num="60" count="41" type="stmt"/>
        <line num="64" count="47" type="cond" truecount="13" falsecount="0"/>
        <line num="73" count="8" type="stmt"/>
        <line num="82" count="10" type="stmt"/>
        <line num="85" count="29" type="stmt"/>
        <line num="90" count="29" type="cond" truecount="4" falsecount="0"/>
        <line num="94" count="18" type="cond" truecount="2" falsecount="0"/>
        <line num="95" count="6" type="stmt"/>
        <line num="96" count="12" type="cond" truecount="2" falsecount="0"/>
        <line num="97" count="8" type="stmt"/>
        <line num="99" count="4" type="stmt"/>
        <line num="102" count="11" type="stmt"/>
        <line num="107" count="11" type="cond" truecount="2" falsecount="1"/>
        <line num="110" count="6" type="cond" truecount="2" falsecount="0"/>
        <line num="116" count="3" type="stmt"/>
        <line num="120" count="3" type="cond" truecount="2" falsecount="0"/>
        <line num="121" count="2" type="stmt"/>
        <line num="123" count="2" type="stmt"/>
        <line num="124" count="2" type="stmt"/>
        <line num="126" count="2" type="stmt"/>
        <line num="129" count="1" type="stmt"/>
        <line num="132" count="3" type="stmt"/>
        <line num="134" count="5" type="stmt"/>
        <line num="139" count="1" type="stmt"/>
        <line num="142" count="43" type="stmt"/>
        <line num="143" count="43" type="stmt"/>
        <line num="144" count="43" type="stmt"/>
        <line num="152" count="43" type="stmt"/>
        <line num="155" count="43" type="stmt"/>
        <line num="157" count="47" type="cond" truecount="1" falsecount="1"/>
        <line num="158" count="47" type="cond" truecount="2" falsecount="0"/>
        <line num="159" count="46" type="stmt"/>
        <line num="162" count="47" type="stmt"/>
        <line num="163" count="47" type="cond" truecount="2" falsecount="0"/>
        <line num="164" count="18" type="stmt"/>
        <line num="165" count="18" type="stmt"/>
        <line num="168" count="29" type="stmt"/>
        <line num="169" count="29" type="cond" truecount="2" falsecount="0"/>
        <line num="170" count="18" type="stmt"/>
        <line num="171" count="18" type="stmt"/>
        <line num="174" count="11" type="stmt"/>
        <line num="175" count="11" type="cond" truecount="2" falsecount="0"/>
        <line num="176" count="2" type="stmt"/>
        <line num="177" count="2" type="stmt"/>
        <line num="181" count="9" type="stmt"/>
      </file>
    </metrics>
  </project>
</coverage>
