{"/Volumes/osx/ss/git/postcss-start-to-end/index.js": {"path":"/Volumes/osx/ss/git/postcss-start-to-end/index.js","statementMap":{"0":{"start":{"line":4,"column":14},"end":{"line":4,"column":32}},"1":{"start":{"line":6,"column":20},"end":{"line":9,"column":1}},"2":{"start":{"line":11,"column":23},"end":{"line":24,"column":1}},"3":{"start":{"line":26,"column":33},"end":{"line":30,"column":1}},"4":{"start":{"line":32,"column":16},"end":{"line":32,"column":18}},"5":{"start":{"line":33,"column":12},"end":{"line":33,"column":16}},"6":{"start":{"line":34,"column":12},"end":{"line":34,"column":14}},"7":{"start":{"line":35,"column":17},"end":{"line":35,"column":19}},"8":{"start":{"line":40,"column":4},"end":{"line":48,"column":5}},"9":{"start":{"line":41,"column":24},"end":{"line":41,"column":90}},"10":{"start":{"line":43,"column":8},"end":{"line":43,"column":111}},"11":{"start":{"line":45,"column":8},"end":{"line":45,"column":32}},"12":{"start":{"line":47,"column":8},"end":{"line":47,"column":20}},"13":{"start":{"line":50,"column":4},"end":{"line":58,"column":5}},"14":{"start":{"line":51,"column":25},"end":{"line":51,"column":92}},"15":{"start":{"line":53,"column":8},"end":{"line":53,"column":140}},"16":{"start":{"line":55,"column":8},"end":{"line":55,"column":32}},"17":{"start":{"line":57,"column":8},"end":{"line":57,"column":20}},"18":{"start":{"line":60,"column":4},"end":{"line":60,"column":17}},"19":{"start":{"line":64,"column":4},"end":{"line":86,"column":5}},"20":{"start":{"line":73,"column":12},"end":{"line":73,"column":58}},"21":{"start":{"line":82,"column":12},"end":{"line":82,"column":54}},"22":{"start":{"line":85,"column":12},"end":{"line":85,"column":25}},"23":{"start":{"line":90,"column":4},"end":{"line":103,"column":5}},"24":{"start":{"line":94,"column":12},"end":{"line":98,"column":13}},"25":{"start":{"line":95,"column":16},"end":{"line":95,"column":35}},"26":{"start":{"line":96,"column":19},"end":{"line":98,"column":13}},"27":{"start":{"line":97,"column":16},"end":{"line":97,"column":33}},"28":{"start":{"line":99,"column":12},"end":{"line":99,"column":29}},"29":{"start":{"line":102,"column":12},"end":{"line":102,"column":25}},"30":{"start":{"line":107,"column":4},"end":{"line":135,"column":5}},"31":{"start":{"line":110,"column":12},"end":{"line":130,"column":13}},"32":{"start":{"line":116,"column":34},"end":{"line":116,"column":60}},"33":{"start":{"line":120,"column":16},"end":{"line":127,"column":17}},"34":{"start":{"line":121,"column":41},"end":{"line":121,"column":53}},"35":{"start":{"line":123,"column":20},"end":{"line":123,"column":48}},"36":{"start":{"line":124,"column":20},"end":{"line":124,"column":48}},"37":{"start":{"line":126,"column":20},"end":{"line":126,"column":47}},"38":{"start":{"line":129,"column":16},"end":{"line":129,"column":29}},"39":{"start":{"line":132,"column":12},"end":{"line":132,"column":25}},"40":{"start":{"line":134,"column":12},"end":{"line":134,"column":25}},"41":{"start":{"line":139,"column":0},"end":{"line":184,"column":3}},"42":{"start":{"line":142,"column":4},"end":{"line":142,"column":53}},"43":{"start":{"line":143,"column":4},"end":{"line":143,"column":42}},"44":{"start":{"line":144,"column":4},"end":{"line":150,"column":6}},"45":{"start":{"line":152,"column":4},"end":{"line":183,"column":6}},"46":{"start":{"line":155,"column":8},"end":{"line":182,"column":11}},"47":{"start":{"line":157,"column":12},"end":{"line":179,"column":13}},"48":{"start":{"line":158,"column":16},"end":{"line":160,"column":17}},"49":{"start":{"line":159,"column":20},"end":{"line":159,"column":101}},"50":{"start":{"line":162,"column":32},"end":{"line":162,"column":67}},"51":{"start":{"line":163,"column":16},"end":{"line":166,"column":17}},"52":{"start":{"line":164,"column":20},"end":{"line":164,"column":40}},"53":{"start":{"line":165,"column":20},"end":{"line":165,"column":32}},"54":{"start":{"line":168,"column":33},"end":{"line":168,"column":80}},"55":{"start":{"line":169,"column":16},"end":{"line":172,"column":17}},"56":{"start":{"line":170,"column":20},"end":{"line":170,"column":42}},"57":{"start":{"line":171,"column":20},"end":{"line":171,"column":32}},"58":{"start":{"line":174,"column":37},"end":{"line":174,"column":82}},"59":{"start":{"line":175,"column":16},"end":{"line":178,"column":17}},"60":{"start":{"line":176,"column":20},"end":{"line":176,"column":46}},"61":{"start":{"line":177,"column":20},"end":{"line":177,"column":32}},"62":{"start":{"line":181,"column":12},"end":{"line":181,"column":24}}},"fnMap":{"0":{"name":"warnAboutNoStartEndSyntax","decl":{"start":{"line":38,"column":9},"end":{"line":38,"column":34}},"loc":{"start":{"line":38,"column":70},"end":{"line":61,"column":1}},"line":38},"1":{"name":"convertPropsWithStartEnd","decl":{"start":{"line":63,"column":9},"end":{"line":63,"column":33}},"loc":{"start":{"line":63,"column":44},"end":{"line":87,"column":1}},"line":63},"2":{"name":"convertValueWithStartEnd","decl":{"start":{"line":89,"column":9},"end":{"line":89,"column":33}},"loc":{"start":{"line":89,"column":55},"end":{"line":104,"column":1}},"line":89},"3":{"name":"convertPropWith4Values","decl":{"start":{"line":106,"column":9},"end":{"line":106,"column":31}},"loc":{"start":{"line":106,"column":53},"end":{"line":136,"column":1}},"line":106},"4":{"name":"(anonymous_4)","decl":{"start":{"line":139,"column":56},"end":{"line":139,"column":57}},"loc":{"start":{"line":139,"column":64},"end":{"line":184,"column":1}},"line":139},"5":{"name":"(anonymous_5)","decl":{"start":{"line":152,"column":11},"end":{"line":152,"column":12}},"loc":{"start":{"line":152,"column":29},"end":{"line":183,"column":5}},"line":152},"6":{"name":"(anonymous_6)","decl":{"start":{"line":155,"column":23},"end":{"line":155,"column":24}},"loc":{"start":{"line":155,"column":31},"end":{"line":182,"column":9}},"line":155}},"branchMap":{"0":{"loc":{"start":{"line":40,"column":4},"end":{"line":48,"column":5}},"type":"if","locations":[{"start":{"line":40,"column":4},"end":{"line":48,"column":5}},{"start":{"line":40,"column":4},"end":{"line":48,"column":5}}],"line":40},"1":{"loc":{"start":{"line":50,"column":4},"end":{"line":58,"column":5}},"type":"if","locations":[{"start":{"line":50,"column":4},"end":{"line":58,"column":5}},{"start":{"line":50,"column":4},"end":{"line":58,"column":5}}],"line":50},"2":{"loc":{"start":{"line":50,"column":8},"end":{"line":50,"column":100}},"type":"binary-expr","locations":[{"start":{"line":50,"column":8},"end":{"line":50,"column":55}},{"start":{"line":50,"column":59},"end":{"line":50,"column":100}}],"line":50},"3":{"loc":{"start":{"line":64,"column":4},"end":{"line":86,"column":5}},"type":"switch","locations":[{"start":{"line":67,"column":8},"end":{"line":67,"column":21}},{"start":{"line":68,"column":8},"end":{"line":68,"column":28}},{"start":{"line":69,"column":8},"end":{"line":69,"column":32}},{"start":{"line":70,"column":8},"end":{"line":70,"column":35}},{"start":{"line":71,"column":8},"end":{"line":71,"column":28}},{"start":{"line":72,"column":8},"end":{"line":73,"column":58}},{"start":{"line":76,"column":8},"end":{"line":76,"column":19}},{"start":{"line":77,"column":8},"end":{"line":77,"column":26}},{"start":{"line":78,"column":8},"end":{"line":78,"column":30}},{"start":{"line":79,"column":8},"end":{"line":79,"column":33}},{"start":{"line":80,"column":8},"end":{"line":80,"column":26}},{"start":{"line":81,"column":8},"end":{"line":82,"column":54}},{"start":{"line":84,"column":8},"end":{"line":85,"column":25}}],"line":64},"4":{"loc":{"start":{"line":90,"column":4},"end":{"line":103,"column":5}},"type":"switch","locations":[{"start":{"line":91,"column":8},"end":{"line":91,"column":21}},{"start":{"line":92,"column":8},"end":{"line":92,"column":21}},{"start":{"line":93,"column":8},"end":{"line":99,"column":29}},{"start":{"line":101,"column":8},"end":{"line":102,"column":25}}],"line":90},"5":{"loc":{"start":{"line":94,"column":12},"end":{"line":98,"column":13}},"type":"if","locations":[{"start":{"line":94,"column":12},"end":{"line":98,"column":13}},{"start":{"line":94,"column":12},"end":{"line":98,"column":13}}],"line":94},"6":{"loc":{"start":{"line":96,"column":19},"end":{"line":98,"column":13}},"type":"if","locations":[{"start":{"line":96,"column":19},"end":{"line":98,"column":13}},{"start":{"line":96,"column":19},"end":{"line":98,"column":13}}],"line":96},"7":{"loc":{"start":{"line":107,"column":4},"end":{"line":135,"column":5}},"type":"switch","locations":[{"start":{"line":108,"column":8},"end":{"line":108,"column":22}},{"start":{"line":109,"column":8},"end":{"line":132,"column":25}},{"start":{"line":133,"column":8},"end":{"line":134,"column":25}}],"line":107},"8":{"loc":{"start":{"line":110,"column":12},"end":{"line":130,"column":13}},"type":"if","locations":[{"start":{"line":110,"column":12},"end":{"line":130,"column":13}},{"start":{"line":110,"column":12},"end":{"line":130,"column":13}}],"line":110},"9":{"loc":{"start":{"line":120,"column":16},"end":{"line":127,"column":17}},"type":"if","locations":[{"start":{"line":120,"column":16},"end":{"line":127,"column":17}},{"start":{"line":120,"column":16},"end":{"line":127,"column":17}}],"line":120},"10":{"loc":{"start":{"line":145,"column":15},"end":{"line":145,"column":39}},"type":"cond-expr","locations":[{"start":{"line":145,"column":23},"end":{"line":145,"column":29}},{"start":{"line":145,"column":32},"end":{"line":145,"column":39}}],"line":145},"11":{"loc":{"start":{"line":146,"column":13},"end":{"line":146,"column":37}},"type":"cond-expr","locations":[{"start":{"line":146,"column":21},"end":{"line":146,"column":28}},{"start":{"line":146,"column":31},"end":{"line":146,"column":37}}],"line":146},"12":{"loc":{"start":{"line":147,"column":14},"end":{"line":147,"column":37}},"type":"cond-expr","locations":[{"start":{"line":147,"column":22},"end":{"line":147,"column":29}},{"start":{"line":147,"column":32},"end":{"line":147,"column":37}}],"line":147},"13":{"loc":{"start":{"line":148,"column":15},"end":{"line":148,"column":38}},"type":"cond-expr","locations":[{"start":{"line":148,"column":23},"end":{"line":148,"column":28}},{"start":{"line":148,"column":31},"end":{"line":148,"column":38}}],"line":148},"14":{"loc":{"start":{"line":157,"column":12},"end":{"line":179,"column":13}},"type":"if","locations":[{"start":{"line":157,"column":12},"end":{"line":179,"column":13}},{"start":{"line":157,"column":12},"end":{"line":179,"column":13}}],"line":157},"15":{"loc":{"start":{"line":158,"column":16},"end":{"line":160,"column":17}},"type":"if","locations":[{"start":{"line":158,"column":16},"end":{"line":160,"column":17}},{"start":{"line":158,"column":16},"end":{"line":160,"column":17}}],"line":158},"16":{"loc":{"start":{"line":163,"column":16},"end":{"line":166,"column":17}},"type":"if","locations":[{"start":{"line":163,"column":16},"end":{"line":166,"column":17}},{"start":{"line":163,"column":16},"end":{"line":166,"column":17}}],"line":163},"17":{"loc":{"start":{"line":169,"column":16},"end":{"line":172,"column":17}},"type":"if","locations":[{"start":{"line":169,"column":16},"end":{"line":172,"column":17}},{"start":{"line":169,"column":16},"end":{"line":172,"column":17}}],"line":169},"18":{"loc":{"start":{"line":175,"column":16},"end":{"line":178,"column":17}},"type":"if","locations":[{"start":{"line":175,"column":16},"end":{"line":178,"column":17}},{"start":{"line":175,"column":16},"end":{"line":178,"column":17}}],"line":175}},"s":{"0":1,"1":1,"2":1,"3":1,"4":1,"5":1,"6":1,"7":1,"8":46,"9":3,"10":3,"11":3,"12":3,"13":43,"14":2,"15":2,"16":2,"17":2,"18":41,"19":47,"20":8,"21":10,"22":29,"23":29,"24":18,"25":6,"26":12,"27":8,"28":4,"29":11,"30":11,"31":6,"32":3,"33":3,"34":2,"35":2,"36":2,"37":2,"38":1,"39":3,"40":5,"41":1,"42":43,"43":43,"44":43,"45":43,"46":43,"47":47,"48":47,"49":46,"50":47,"51":47,"52":18,"53":18,"54":29,"55":29,"56":18,"57":18,"58":11,"59":11,"60":2,"61":2,"62":9},"f":{"0":46,"1":47,"2":29,"3":11,"4":43,"5":43,"6":47},"b":{"0":[3,43],"1":[2,41],"2":[43,17],"3":[2,4,4,4,6,8,2,4,4,4,8,10,29],"4":[4,12,18,11],"5":[6,12],"6":[8,4],"7":[0,6,5],"8":[3,3],"9":[2,1],"10":[23,20],"11":[23,20],"12":[23,20],"13":[23,20],"14":[47,0],"15":[46,1],"16":[18,29],"17":[18,11],"18":[2,9]},"_coverageSchema":"332fd63041d2c1bcb487cc26dd0d5f7d97098a6c","hash":"3482d6b92fe667f3cda3ff4150410a8e2c11bb7c"}
}
