TN:
SF:/Volumes/osx/ss/git/postcss-start-to-end/index.js
FN:38,warnAboutNoStartEndSyntax
FN:63,convertPropsWithStartEnd
FN:89,convertValueWithStartEnd
FN:106,convertPropWith4Values
FN:139,(anonymous_4)
FN:152,(anonymous_5)
FN:155,(anonymous_6)
FNF:7
FNH:7
FNDA:46,warnAboutNoStartEndSyntax
FNDA:47,convertPropsWithStartEnd
FNDA:29,convertValueWithStartEnd
FNDA:11,convertPropWith4Values
FNDA:43,(anonymous_4)
FNDA:43,(anonymous_5)
FNDA:47,(anonymous_6)
DA:4,1
DA:6,1
DA:11,1
DA:26,1
DA:32,1
DA:33,1
DA:34,1
DA:35,1
DA:40,46
DA:41,3
DA:43,3
DA:45,3
DA:47,3
DA:50,43
DA:51,2
DA:53,2
DA:55,2
DA:57,2
DA:60,41
DA:64,47
DA:73,8
DA:82,10
DA:85,29
DA:90,29
DA:94,18
DA:95,6
DA:96,12
DA:97,8
DA:99,4
DA:102,11
DA:107,11
DA:110,6
DA:116,3
DA:120,3
DA:121,2
DA:123,2
DA:124,2
DA:126,2
DA:129,1
DA:132,3
DA:134,5
DA:139,1
DA:142,43
DA:143,43
DA:144,43
DA:152,43
DA:155,43
DA:157,47
DA:158,47
DA:159,46
DA:162,47
DA:163,47
DA:164,18
DA:165,18
DA:168,29
DA:169,29
DA:170,18
DA:171,18
DA:174,11
DA:175,11
DA:176,2
DA:177,2
DA:181,9
LF:63
LH:63
BRDA:40,0,0,3
BRDA:40,0,1,43
BRDA:50,1,0,2
BRDA:50,1,1,41
BRDA:50,2,0,43
BRDA:50,2,1,17
BRDA:64,3,0,2
BRDA:64,3,1,4
BRDA:64,3,2,4
BRDA:64,3,3,4
BRDA:64,3,4,6
BRDA:64,3,5,8
BRDA:64,3,6,2
BRDA:64,3,7,4
BRDA:64,3,8,4
BRDA:64,3,9,4
BRDA:64,3,10,8
BRDA:64,3,11,10
BRDA:64,3,12,29
BRDA:90,4,0,4
BRDA:90,4,1,12
BRDA:90,4,2,18
BRDA:90,4,3,11
BRDA:94,5,0,6
BRDA:94,5,1,12
BRDA:96,6,0,8
BRDA:96,6,1,4
BRDA:107,7,0,0
BRDA:107,7,1,6
BRDA:107,7,2,5
BRDA:110,8,0,3
BRDA:110,8,1,3
BRDA:120,9,0,2
BRDA:120,9,1,1
BRDA:145,10,0,23
BRDA:145,10,1,20
BRDA:146,11,0,23
BRDA:146,11,1,20
BRDA:147,12,0,23
BRDA:147,12,1,20
BRDA:148,13,0,23
BRDA:148,13,1,20
BRDA:157,14,0,47
BRDA:157,14,1,0
BRDA:158,15,0,46
BRDA:158,15,1,1
BRDA:163,16,0,18
BRDA:163,16,1,29
BRDA:169,17,0,18
BRDA:169,17,1,11
BRDA:175,18,0,2
BRDA:175,18,1,9
BRF:52
BRH:50
end_of_record
